<?xml version="1.0" encoding="UTF-8"?>
<!-- Generated by org.testng.reporters.JUnitXMLReporter -->
<testsuite hostname="DESKTOP-JJI2R7U" ignored="0" name="IETestCases" tests="1" failures="1" timestamp="26 Oct 2017 15:35:54 GMT" time="0.034" errors="0">
  <testcase name="verifypageTitle" time="0.01" classname="crossBrowserTesting.verifyTitle1">
    <failure type="java.lang.NullPointerException">
      <![CDATA[java.lang.NullPointerException
	at crossBrowserTesting.verifyTitle1.verifypageTitle(verifyTitle1.java:26)
	at java.util.concurrent.FutureTask.run(Unknown Source)
	at java.util.concurrent.ThreadPoolExecutor.runWorker(Unknown Source)
	at java.util.concurrent.ThreadPoolExecutor$Worker.run(Unknown Source)
	at java.lang.Thread.run(Unknown Source)
... Removed 16 stack frames]]>
    </failure>
  </testcase> <!-- verifypageTitle -->
</testsuite> <!-- IETestCases -->
